  uic AddBook.ui
  uic AddFeedback.ui
  uic AddMessage.ui
  uic Admin.ui
  uic BoardDetail.ui
  uic BookInfo.ui
  uic ChangeInformation.ui
  uic ChangePassword.ui
  uic DeleteBook.ui
  uic DeleteMessage.ui
  uic EditBoard.ui
  uic FeedbackInfo.ui
  uic Library.ui
  uic MessageInfo.ui
  uic MyMessage.ui
  moc AddBook.h
  moc AddFeedback.h
  moc AddMessage.h
  moc Admin.h
  moc BoardDetail.h
  moc BookInfo.h
  moc ChangeInformation.h
  moc ChangePassword.h
  moc DeleteBook.h
  moc EditBoard.h
  moc FeedbackInfo.h
  moc MyMessage.h
  moc MessageInfo.h
  moc DeleteMessage.h
  AddBook.cpp
  AddFeedback.cpp
  AddMessage.cpp
  Admin.cpp
  BoardDetail.cpp
  BookInfo.cpp
  ChangeInformation.cpp
  ChangePassword.cpp
  DeleteBook.cpp
  DeleteMessage.cpp
  EditBoard.cpp
  FeedbackInfo.cpp
  Library.cpp
  main.cpp
  MessageInfo.cpp
  MyMessage.cpp
  moc_Library.cpp
  moc_AddBook.cpp
  moc_AddFeedback.cpp
  moc_AddMessage.cpp
  moc_Admin.cpp
  moc_BoardDetail.cpp
  moc_ChangeInformation.cpp
  moc_BookInfo.cpp
  moc_ChangePassword.cpp
  moc_DeleteBook.cpp
  moc_EditBoard.cpp
  moc_FeedbackInfo.cpp
  moc_MyMessage.cpp
  moc_MessageInfo.cpp
  moc_DeleteMessage.cpp
  Library.vcxproj -> F:\computer\software\Library\x64\Debug\Library.exe
